#! /usr/bin/vvp
:ivl_version "10.3 (stable)";
:ivl_delay_selection "TYPICAL";
:vpi_time_precision - 10;
:vpi_module "system";
:vpi_module "vhdl_sys";
:vpi_module "v2005_math";
:vpi_module "va_math";
S_0x55fc583dbb10 .scope module, "sumadorCarryLook_4bits" "sumadorCarryLook_4bits" 2 3;
 .timescale -9 -10;
    .port_info 0 /INPUT 4 "A"
    .port_info 1 /INPUT 4 "B"
    .port_info 2 /INPUT 1 "Ci"
    .port_info 3 /OUTPUT 4 "S"
    .port_info 4 /OUTPUT 1 "Co"
L_0x55fc58414110 .functor XOR 1, L_0x55fc58414ac0, L_0x55fc58414bb0, C4<0>, C4<0>;
L_0x55fc58414d10 .functor XOR 1, L_0x55fc58414d80, L_0x55fc58414e70, C4<0>, C4<0>;
L_0x55fc58414ca0 .functor XOR 1, L_0x55fc58414fe0, L_0x55fc58415080, C4<0>, C4<0>;
o0x7f1cf0852048 .functor BUFZ 1, C4<z>; HiZ drive
L_0x55fc58415390 .functor XOR 1, L_0x55fc58415450, o0x7f1cf0852048, C4<0>, C4<0>;
o0x7f1cf0852fd8 .functor BUFZ 4, C4<zzzz>; HiZ drive
v0x55fc58406780_0 .net "A", 3 0, o0x7f1cf0852fd8;  0 drivers
o0x7f1cf0853008 .functor BUFZ 4, C4<zzzz>; HiZ drive
v0x55fc58406880_0 .net "B", 3 0, o0x7f1cf0853008;  0 drivers
v0x55fc58406960_0 .net "C", 4 1, L_0x55fc58414560;  1 drivers
v0x55fc58406a30_0 .net "Ci", 0 0, o0x7f1cf0852048;  0 drivers
v0x55fc58406b00_0 .net "Co", 0 0, L_0x55fc584155e0;  1 drivers
v0x55fc58406bf0_0 .net "G", 3 0, L_0x55fc584114a0;  1 drivers
v0x55fc58406c90_0 .net "P", 3 0, L_0x55fc58411310;  1 drivers
v0x55fc58406d60_0 .net "S", 3 0, L_0x55fc58415200;  1 drivers
v0x55fc58406e20_0 .net *"_s35", 0 0, L_0x55fc58414110;  1 drivers
v0x55fc58406f00_0 .net *"_s38", 0 0, L_0x55fc58414ac0;  1 drivers
v0x55fc58406fe0_0 .net *"_s40", 0 0, L_0x55fc58414bb0;  1 drivers
v0x55fc584070c0_0 .net *"_s42", 0 0, L_0x55fc58414d10;  1 drivers
v0x55fc584071a0_0 .net *"_s45", 0 0, L_0x55fc58414d80;  1 drivers
v0x55fc58407280_0 .net *"_s47", 0 0, L_0x55fc58414e70;  1 drivers
v0x55fc58407360_0 .net *"_s49", 0 0, L_0x55fc58414ca0;  1 drivers
v0x55fc58407440_0 .net *"_s52", 0 0, L_0x55fc58414fe0;  1 drivers
v0x55fc58407520_0 .net *"_s54", 0 0, L_0x55fc58415080;  1 drivers
v0x55fc58407600_0 .net *"_s56", 0 0, L_0x55fc58415390;  1 drivers
v0x55fc584076e0_0 .net *"_s60", 0 0, L_0x55fc58415450;  1 drivers
L_0x55fc58410740 .part o0x7f1cf0852fd8, 0, 1;
L_0x55fc584107e0 .part o0x7f1cf0853008, 0, 1;
L_0x55fc58410ac0 .part o0x7f1cf0852fd8, 1, 1;
L_0x55fc58410bb0 .part o0x7f1cf0853008, 1, 1;
L_0x55fc58410e50 .part o0x7f1cf0852fd8, 2, 1;
L_0x55fc58410ef0 .part o0x7f1cf0853008, 2, 1;
L_0x55fc58411180 .part o0x7f1cf0852fd8, 3, 1;
L_0x55fc58411220 .part o0x7f1cf0853008, 3, 1;
L_0x55fc58411310 .concat8 [ 1 1 1 1], L_0x55fc584105c0, L_0x55fc58410880, L_0x55fc58410cd0, L_0x55fc58410fd0;
L_0x55fc584114a0 .concat8 [ 1 1 1 1], L_0x55fc58410630, L_0x55fc58410980, L_0x55fc58410d40, L_0x55fc58411040;
L_0x55fc58414ac0 .part L_0x55fc58411310, 3, 1;
L_0x55fc58414bb0 .part L_0x55fc58414560, 2, 1;
L_0x55fc58414d80 .part L_0x55fc58411310, 2, 1;
L_0x55fc58414e70 .part L_0x55fc58414560, 1, 1;
L_0x55fc58414fe0 .part L_0x55fc58411310, 1, 1;
L_0x55fc58415080 .part L_0x55fc58414560, 0, 1;
L_0x55fc58415200 .concat8 [ 1 1 1 1], L_0x55fc58415390, L_0x55fc58414ca0, L_0x55fc58414d10, L_0x55fc58414110;
L_0x55fc58415450 .part L_0x55fc58411310, 0, 1;
L_0x55fc584155e0 .part L_0x55fc58414560, 3, 1;
S_0x55fc583dfba0 .scope module, "CL1" "carryLook_4bits" 2 16, 3 3 0, S_0x55fc583dbb10;
 .timescale -9 -9;
    .port_info 0 /INPUT 4 "P"
    .port_info 1 /INPUT 4 "G"
    .port_info 2 /OUTPUT 4 "C"
    .port_info 3 /INPUT 1 "Ci"
L_0x55fc58411730/0/0 .functor AND 1, L_0x55fc584117a0, L_0x55fc58411890, L_0x55fc58411a10, L_0x55fc58411ab0;
L_0x55fc58411730/0/4 .functor AND 1, o0x7f1cf0852048, C4<1>, C4<1>, C4<1>;
L_0x55fc58411730 .functor AND 1, L_0x55fc58411730/0/0, L_0x55fc58411730/0/4, C4<1>, C4<1>;
L_0x55fc58411ba0 .functor AND 1, L_0x55fc58411c10, L_0x55fc58411d00, L_0x55fc58411f40, L_0x55fc58412030;
L_0x55fc58412170 .functor AND 1, L_0x55fc584121e0, L_0x55fc584122d0, L_0x55fc58412420, C4<1>;
L_0x55fc584124c0 .functor AND 1, L_0x55fc58412530, L_0x55fc58412640, C4<1>, C4<1>;
L_0x55fc58412730 .functor AND 1, L_0x55fc584127d0, L_0x55fc58412940, L_0x55fc58412a30, o0x7f1cf0852048;
L_0x55fc584125d0 .functor AND 1, L_0x55fc58412c50, L_0x55fc58412f50, L_0x55fc584130e0, C4<1>;
L_0x55fc584131d0 .functor AND 1, L_0x55fc58413240, L_0x55fc58413040, C4<1>, C4<1>;
L_0x55fc58413430 .functor AND 1, L_0x55fc58413520, L_0x55fc58413680, o0x7f1cf0852048, C4<1>;
L_0x55fc58413770 .functor AND 1, L_0x55fc58413810, L_0x55fc584139d0, C4<1>, C4<1>;
L_0x55fc58413ac0 .functor AND 1, L_0x55fc58413b90, o0x7f1cf0852048, C4<1>, C4<1>;
L_0x55fc58413d10/0/0 .functor OR 1, L_0x55fc58411730, L_0x55fc58411ba0, L_0x55fc58412170, L_0x55fc584124c0;
L_0x55fc58413d10/0/4 .functor OR 1, L_0x55fc58413ec0, C4<0>, C4<0>, C4<0>;
L_0x55fc58413d10 .functor OR 1, L_0x55fc58413d10/0/0, L_0x55fc58413d10/0/4, C4<0>, C4<0>;
L_0x55fc58413fb0 .functor OR 1, L_0x55fc58412730, L_0x55fc584125d0, L_0x55fc584131d0, L_0x55fc58414180;
L_0x55fc58414360 .functor OR 1, L_0x55fc58413430, L_0x55fc58413770, L_0x55fc58414470, C4<0>;
L_0x55fc58414840 .functor OR 1, L_0x55fc58413ac0, L_0x55fc584149d0, C4<0>, C4<0>;
v0x55fc583cdde0_0 .net "C", 4 1, L_0x55fc58414560;  alias, 1 drivers
v0x55fc58402710_0 .net "Ci", 0 0, o0x7f1cf0852048;  alias, 0 drivers
v0x55fc584027d0_0 .net "G", 3 0, L_0x55fc584114a0;  alias, 1 drivers
v0x55fc58402890_0 .net "P", 3 0, L_0x55fc58411310;  alias, 1 drivers
v0x55fc58402970_0 .net *"_s11", 0 0, L_0x55fc58411c10;  1 drivers
v0x55fc58402aa0_0 .net *"_s13", 0 0, L_0x55fc58411d00;  1 drivers
v0x55fc58402b80_0 .net *"_s15", 0 0, L_0x55fc58411f40;  1 drivers
v0x55fc58402c60_0 .net *"_s17", 0 0, L_0x55fc58412030;  1 drivers
v0x55fc58402d40_0 .net *"_s2", 0 0, L_0x55fc584117a0;  1 drivers
v0x55fc58402e20_0 .net *"_s20", 0 0, L_0x55fc584121e0;  1 drivers
v0x55fc58402f00_0 .net *"_s22", 0 0, L_0x55fc584122d0;  1 drivers
v0x55fc58402fe0_0 .net *"_s24", 0 0, L_0x55fc58412420;  1 drivers
v0x55fc584030c0_0 .net *"_s27", 0 0, L_0x55fc58412530;  1 drivers
v0x55fc584031a0_0 .net *"_s29", 0 0, L_0x55fc58412640;  1 drivers
v0x55fc58403280_0 .net *"_s32", 0 0, L_0x55fc584127d0;  1 drivers
v0x55fc58403360_0 .net *"_s34", 0 0, L_0x55fc58412940;  1 drivers
v0x55fc58403440_0 .net *"_s36", 0 0, L_0x55fc58412a30;  1 drivers
v0x55fc58403520_0 .net *"_s39", 0 0, L_0x55fc58412c50;  1 drivers
v0x55fc58403600_0 .net *"_s4", 0 0, L_0x55fc58411890;  1 drivers
v0x55fc584036e0_0 .net *"_s41", 0 0, L_0x55fc58412f50;  1 drivers
v0x55fc584037c0_0 .net *"_s43", 0 0, L_0x55fc584130e0;  1 drivers
v0x55fc584038a0_0 .net *"_s46", 0 0, L_0x55fc58413240;  1 drivers
v0x55fc58403980_0 .net *"_s48", 0 0, L_0x55fc58413040;  1 drivers
v0x55fc58403a60_0 .net *"_s51", 0 0, L_0x55fc58413520;  1 drivers
v0x55fc58403b40_0 .net *"_s53", 0 0, L_0x55fc58413680;  1 drivers
v0x55fc58403c20_0 .net *"_s56", 0 0, L_0x55fc58413810;  1 drivers
v0x55fc58403d00_0 .net *"_s58", 0 0, L_0x55fc584139d0;  1 drivers
v0x55fc58403de0_0 .net *"_s6", 0 0, L_0x55fc58411a10;  1 drivers
v0x55fc58403ec0_0 .net *"_s61", 0 0, L_0x55fc58413b90;  1 drivers
v0x55fc58403fa0_0 .net *"_s63", 0 0, L_0x55fc58413d10;  1 drivers
v0x55fc58404080_0 .net *"_s66", 0 0, L_0x55fc58413ec0;  1 drivers
v0x55fc58404160_0 .net *"_s68", 0 0, L_0x55fc58413fb0;  1 drivers
v0x55fc58404240_0 .net *"_s71", 0 0, L_0x55fc58414180;  1 drivers
v0x55fc58404320_0 .net *"_s73", 0 0, L_0x55fc58414360;  1 drivers
v0x55fc58404400_0 .net *"_s76", 0 0, L_0x55fc58414470;  1 drivers
v0x55fc584044e0_0 .net *"_s78", 0 0, L_0x55fc58414840;  1 drivers
v0x55fc584045c0_0 .net *"_s8", 0 0, L_0x55fc58411ab0;  1 drivers
v0x55fc584046a0_0 .net *"_s82", 0 0, L_0x55fc584149d0;  1 drivers
v0x55fc58404780_0 .net "a", 0 0, L_0x55fc58412730;  1 drivers
v0x55fc58404840_0 .net "b", 0 0, L_0x55fc584125d0;  1 drivers
v0x55fc58404900_0 .net "c", 0 0, L_0x55fc584131d0;  1 drivers
v0x55fc584049c0_0 .net "d", 0 0, L_0x55fc58413430;  1 drivers
v0x55fc58404a80_0 .net "e", 0 0, L_0x55fc58413770;  1 drivers
v0x55fc58404b40_0 .net "f", 0 0, L_0x55fc58413ac0;  1 drivers
v0x55fc58404c00_0 .net "h", 0 0, L_0x55fc58411730;  1 drivers
v0x55fc58404cc0_0 .net "i", 0 0, L_0x55fc58411ba0;  1 drivers
v0x55fc58404d80_0 .net "j", 0 0, L_0x55fc58412170;  1 drivers
v0x55fc58404e40_0 .net "k", 0 0, L_0x55fc584124c0;  1 drivers
L_0x55fc584117a0 .part L_0x55fc58411310, 3, 1;
L_0x55fc58411890 .part L_0x55fc58411310, 2, 1;
L_0x55fc58411a10 .part L_0x55fc58411310, 1, 1;
L_0x55fc58411ab0 .part L_0x55fc58411310, 0, 1;
L_0x55fc58411c10 .part L_0x55fc58411310, 3, 1;
L_0x55fc58411d00 .part L_0x55fc58411310, 2, 1;
L_0x55fc58411f40 .part L_0x55fc58411310, 1, 1;
L_0x55fc58412030 .part L_0x55fc584114a0, 0, 1;
L_0x55fc584121e0 .part L_0x55fc58411310, 3, 1;
L_0x55fc584122d0 .part L_0x55fc58411310, 2, 1;
L_0x55fc58412420 .part L_0x55fc584114a0, 1, 1;
L_0x55fc58412530 .part L_0x55fc58411310, 3, 1;
L_0x55fc58412640 .part L_0x55fc584114a0, 2, 1;
L_0x55fc584127d0 .part L_0x55fc58411310, 2, 1;
L_0x55fc58412940 .part L_0x55fc58411310, 1, 1;
L_0x55fc58412a30 .part L_0x55fc58411310, 0, 1;
L_0x55fc58412c50 .part L_0x55fc58411310, 2, 1;
L_0x55fc58412f50 .part L_0x55fc58411310, 1, 1;
L_0x55fc584130e0 .part L_0x55fc584114a0, 0, 1;
L_0x55fc58413240 .part L_0x55fc58411310, 2, 1;
L_0x55fc58413040 .part L_0x55fc584114a0, 1, 1;
L_0x55fc58413520 .part L_0x55fc58411310, 1, 1;
L_0x55fc58413680 .part L_0x55fc58411310, 0, 1;
L_0x55fc58413810 .part L_0x55fc58411310, 1, 1;
L_0x55fc584139d0 .part L_0x55fc584114a0, 0, 1;
L_0x55fc58413b90 .part L_0x55fc58411310, 0, 1;
L_0x55fc58413ec0 .part L_0x55fc584114a0, 3, 1;
L_0x55fc58414180 .part L_0x55fc584114a0, 2, 1;
L_0x55fc58414470 .part L_0x55fc584114a0, 1, 1;
L_0x55fc58414560 .concat8 [ 1 1 1 1], L_0x55fc58414840, L_0x55fc58414360, L_0x55fc58413fb0, L_0x55fc58413d10;
L_0x55fc584149d0 .part L_0x55fc584114a0, 0, 1;
S_0x55fc58404f80 .scope module, "ms0" "medio_sumador" 2 12, 4 4 0, S_0x55fc583dbb10;
 .timescale -9 -9;
    .port_info 0 /INPUT 1 "A"
    .port_info 1 /INPUT 1 "B"
    .port_info 2 /OUTPUT 1 "S"
    .port_info 3 /OUTPUT 1 "Cout"
L_0x55fc584105c0 .functor XOR 1, L_0x55fc58410740, L_0x55fc584107e0, C4<0>, C4<0>;
L_0x55fc58410630 .functor AND 1, L_0x55fc58410740, L_0x55fc584107e0, C4<1>, C4<1>;
v0x55fc58405190_0 .net "A", 0 0, L_0x55fc58410740;  1 drivers
v0x55fc58405250_0 .net "B", 0 0, L_0x55fc584107e0;  1 drivers
v0x55fc58405310_0 .net "Cout", 0 0, L_0x55fc58410630;  1 drivers
v0x55fc584053b0_0 .net "S", 0 0, L_0x55fc584105c0;  1 drivers
S_0x55fc584054f0 .scope module, "ms1" "medio_sumador" 2 13, 4 4 0, S_0x55fc583dbb10;
 .timescale -9 -9;
    .port_info 0 /INPUT 1 "A"
    .port_info 1 /INPUT 1 "B"
    .port_info 2 /OUTPUT 1 "S"
    .port_info 3 /OUTPUT 1 "Cout"
L_0x55fc58410880 .functor XOR 1, L_0x55fc58410ac0, L_0x55fc58410bb0, C4<0>, C4<0>;
L_0x55fc58410980 .functor AND 1, L_0x55fc58410ac0, L_0x55fc58410bb0, C4<1>, C4<1>;
v0x55fc58405760_0 .net "A", 0 0, L_0x55fc58410ac0;  1 drivers
v0x55fc58405820_0 .net "B", 0 0, L_0x55fc58410bb0;  1 drivers
v0x55fc584058e0_0 .net "Cout", 0 0, L_0x55fc58410980;  1 drivers
v0x55fc584059b0_0 .net "S", 0 0, L_0x55fc58410880;  1 drivers
S_0x55fc58405b20 .scope module, "ms2" "medio_sumador" 2 14, 4 4 0, S_0x55fc583dbb10;
 .timescale -9 -9;
    .port_info 0 /INPUT 1 "A"
    .port_info 1 /INPUT 1 "B"
    .port_info 2 /OUTPUT 1 "S"
    .port_info 3 /OUTPUT 1 "Cout"
L_0x55fc58410cd0 .functor XOR 1, L_0x55fc58410e50, L_0x55fc58410ef0, C4<0>, C4<0>;
L_0x55fc58410d40 .functor AND 1, L_0x55fc58410e50, L_0x55fc58410ef0, C4<1>, C4<1>;
v0x55fc58405d60_0 .net "A", 0 0, L_0x55fc58410e50;  1 drivers
v0x55fc58405e40_0 .net "B", 0 0, L_0x55fc58410ef0;  1 drivers
v0x55fc58405f00_0 .net "Cout", 0 0, L_0x55fc58410d40;  1 drivers
v0x55fc58405fd0_0 .net "S", 0 0, L_0x55fc58410cd0;  1 drivers
S_0x55fc58406140 .scope module, "ms3" "medio_sumador" 2 15, 4 4 0, S_0x55fc583dbb10;
 .timescale -9 -9;
    .port_info 0 /INPUT 1 "A"
    .port_info 1 /INPUT 1 "B"
    .port_info 2 /OUTPUT 1 "S"
    .port_info 3 /OUTPUT 1 "Cout"
L_0x55fc58410fd0 .functor XOR 1, L_0x55fc58411180, L_0x55fc58411220, C4<0>, C4<0>;
L_0x55fc58411040 .functor AND 1, L_0x55fc58411180, L_0x55fc58411220, C4<1>, C4<1>;
v0x55fc584063d0_0 .net "A", 0 0, L_0x55fc58411180;  1 drivers
v0x55fc584064b0_0 .net "B", 0 0, L_0x55fc58411220;  1 drivers
v0x55fc58406570_0 .net "Cout", 0 0, L_0x55fc58411040;  1 drivers
v0x55fc58406610_0 .net "S", 0 0, L_0x55fc58410fd0;  1 drivers
S_0x55fc583e45d0 .scope module, "test_m3" "test_m3" 5 5;
 .timescale -9 -10;
v0x55fc58407f60_0 .var "A", 2 0;
v0x55fc58408060_0 .net "m", 0 0, L_0x55fc584156f0;  1 drivers
L_0x55fc58415800 .part v0x55fc58407f60_0, 2, 1;
L_0x55fc584158f0 .part v0x55fc58407f60_0, 1, 1;
L_0x55fc58415a30 .part v0x55fc58407f60_0, 0, 1;
S_0x55fc58407890 .scope module, "m1" "mi_modulo" 5 8, 6 5 0, S_0x55fc583e45d0;
 .timescale -9 -10;
    .port_info 0 /INPUT 1 "x"
    .port_info 1 /INPUT 1 "y"
    .port_info 2 /INPUT 1 "z"
    .port_info 3 /OUTPUT 1 "m"
L_0x55fc58415680 .functor XOR 1, L_0x55fc58415800, L_0x55fc58415a30, C4<0>, C4<0>;
L_0x55fc584156f0 .functor AND 1, L_0x55fc58415680, L_0x55fc584158f0, C4<1>, C4<1>;
v0x55fc58407aa0_0 .net "e", 0 0, L_0x55fc58415680;  1 drivers
v0x55fc58407b80_0 .net "m", 0 0, L_0x55fc584156f0;  alias, 1 drivers
v0x55fc58407c40_0 .net "x", 0 0, L_0x55fc58415800;  1 drivers
v0x55fc58407d10_0 .net "y", 0 0, L_0x55fc584158f0;  1 drivers
v0x55fc58407dd0_0 .net "z", 0 0, L_0x55fc58415a30;  1 drivers
S_0x55fc583e13c0 .scope module, "test_medio_sumador" "test_medio_sumador" 7 3;
 .timescale -9 -9;
v0x55fc58408750_0 .var "A", 0 0;
v0x55fc58408810_0 .var "B", 0 0;
v0x55fc584088e0_0 .net "Cout", 0 0, L_0x55fc58415c80;  1 drivers
v0x55fc584089e0_0 .net "S", 0 0, L_0x55fc58415b20;  1 drivers
S_0x55fc58408120 .scope module, "ms1" "medio_sumador" 7 6, 4 4 0, S_0x55fc583e13c0;
 .timescale -9 -9;
    .port_info 0 /INPUT 1 "A"
    .port_info 1 /INPUT 1 "B"
    .port_info 2 /OUTPUT 1 "S"
    .port_info 3 /OUTPUT 1 "Cout"
L_0x55fc58415b20 .functor XOR 1, v0x55fc58408750_0, v0x55fc58408810_0, C4<0>, C4<0>;
L_0x55fc58415c80 .functor AND 1, v0x55fc58408750_0, v0x55fc58408810_0, C4<1>, C4<1>;
v0x55fc58408390_0 .net "A", 0 0, v0x55fc58408750_0;  1 drivers
v0x55fc58408450_0 .net "B", 0 0, v0x55fc58408810_0;  1 drivers
v0x55fc58408510_0 .net "Cout", 0 0, L_0x55fc58415c80;  alias, 1 drivers
v0x55fc584085e0_0 .net "S", 0 0, L_0x55fc58415b20;  alias, 1 drivers
S_0x55fc583dffb0 .scope module, "test_sumador_4bits" "test_sumador_4bits" 8 4;
 .timescale -9 -9;
v0x55fc5840e7c0_0 .var "A", 3 0;
v0x55fc5840e8a0_0 .var "B", 3 0;
v0x55fc5840e970_0 .net "Suma", 4 0, L_0x55fc58427a60;  1 drivers
L_0x7f1cf0809018 .functor BUFT 1, C4<00000000000000000000000000000000>, C4<0>, C4<0>, C4<0>;
v0x55fc5840ea40_0 .net/2s *"_s0", 31 0, L_0x7f1cf0809018;  1 drivers
L_0x55fc584279c0 .part L_0x7f1cf0809018, 0, 1;
L_0x55fc58427a60 .concat8 [ 4 1 0 0], L_0x55fc58417910, L_0x55fc584175a0;
S_0x55fc58408ab0 .scope module, "s4bits" "sumador_4bits" 8 7, 9 3 0, S_0x55fc583dffb0;
 .timescale -9 -9;
    .port_info 0 /INPUT 4 "A"
    .port_info 1 /INPUT 4 "B"
    .port_info 2 /INPUT 1 "Ci"
    .port_info 3 /OUTPUT 4 "S"
    .port_info 4 /OUTPUT 1 "Co"
v0x55fc5840e0d0_0 .net "A", 3 0, v0x55fc5840e7c0_0;  1 drivers
v0x55fc5840e1d0_0 .net "B", 3 0, v0x55fc5840e8a0_0;  1 drivers
v0x55fc5840e2b0_0 .net "C1", 0 0, L_0x55fc58416040;  1 drivers
v0x55fc5840e380_0 .net "C2", 0 0, L_0x55fc584166f0;  1 drivers
v0x55fc5840e450_0 .net "C3", 0 0, L_0x55fc58416d00;  1 drivers
v0x55fc5840e540_0 .net "Ci", 0 0, L_0x55fc584279c0;  1 drivers
v0x55fc5840e5e0_0 .net "Co", 0 0, L_0x55fc584175a0;  1 drivers
v0x55fc5840e6b0_0 .net "S", 3 0, L_0x55fc58417910;  1 drivers
L_0x55fc58416100 .part v0x55fc5840e7c0_0, 0, 1;
L_0x55fc58416230 .part v0x55fc5840e8a0_0, 0, 1;
L_0x55fc584167b0 .part v0x55fc5840e7c0_0, 1, 1;
L_0x55fc584168e0 .part v0x55fc5840e8a0_0, 1, 1;
L_0x55fc58416dc0 .part v0x55fc5840e7c0_0, 2, 1;
L_0x55fc58416f80 .part v0x55fc5840e8a0_0, 2, 1;
L_0x55fc58417660 .part v0x55fc5840e7c0_0, 3, 1;
L_0x55fc58417790 .part v0x55fc5840e8a0_0, 3, 1;
L_0x55fc58417910 .concat8 [ 1 1 1 1], L_0x55fc58415f10, L_0x55fc58416530, L_0x55fc58416b40, L_0x55fc58417220;
S_0x55fc58408cb0 .scope module, "sc0" "sumador_completo" 9 10, 10 5 0, S_0x55fc58408ab0;
 .timescale -9 -9;
    .port_info 0 /INPUT 1 "A"
    .port_info 1 /INPUT 1 "B"
    .port_info 2 /INPUT 1 "Cin"
    .port_info 3 /OUTPUT 1 "S"
    .port_info 4 /OUTPUT 1 "Cout"
L_0x55fc58416040 .functor OR 1, L_0x55fc58415e50, L_0x55fc58415fd0, C4<0>, C4<0>;
v0x55fc58409ad0_0 .net "A", 0 0, L_0x55fc58416100;  1 drivers
v0x55fc58409b90_0 .net "B", 0 0, L_0x55fc58416230;  1 drivers
v0x55fc58409c60_0 .net "Cin", 0 0, L_0x55fc584279c0;  alias, 1 drivers
v0x55fc58409d60_0 .net "Cout", 0 0, L_0x55fc58416040;  alias, 1 drivers
v0x55fc58409e00_0 .net "G", 0 0, L_0x55fc58415e50;  1 drivers
v0x55fc58409ef0_0 .net "H", 0 0, L_0x55fc58415fd0;  1 drivers
v0x55fc58409fc0_0 .net "P", 0 0, L_0x55fc58415d40;  1 drivers
v0x55fc5840a0b0_0 .net "S", 0 0, L_0x55fc58415f10;  1 drivers
S_0x55fc58408eb0 .scope module, "ms1" "medio_sumador" 10 12, 4 4 0, S_0x55fc58408cb0;
 .timescale -9 -9;
    .port_info 0 /INPUT 1 "A"
    .port_info 1 /INPUT 1 "B"
    .port_info 2 /OUTPUT 1 "S"
    .port_info 3 /OUTPUT 1 "Cout"
L_0x55fc58415d40 .functor XOR 1, L_0x55fc58416100, L_0x55fc58416230, C4<0>, C4<0>;
L_0x55fc58415e50 .functor AND 1, L_0x55fc58416100, L_0x55fc58416230, C4<1>, C4<1>;
v0x55fc58409120_0 .net "A", 0 0, L_0x55fc58416100;  alias, 1 drivers
v0x55fc584091c0_0 .net "B", 0 0, L_0x55fc58416230;  alias, 1 drivers
v0x55fc58409280_0 .net "Cout", 0 0, L_0x55fc58415e50;  alias, 1 drivers
v0x55fc58409350_0 .net "S", 0 0, L_0x55fc58415d40;  alias, 1 drivers
S_0x55fc584094c0 .scope module, "ms2" "medio_sumador" 10 13, 4 4 0, S_0x55fc58408cb0;
 .timescale -9 -9;
    .port_info 0 /INPUT 1 "A"
    .port_info 1 /INPUT 1 "B"
    .port_info 2 /OUTPUT 1 "S"
    .port_info 3 /OUTPUT 1 "Cout"
L_0x55fc58415f10 .functor XOR 1, L_0x55fc58415d40, L_0x55fc584279c0, C4<0>, C4<0>;
L_0x55fc58415fd0 .functor AND 1, L_0x55fc58415d40, L_0x55fc584279c0, C4<1>, C4<1>;
v0x55fc58409720_0 .net "A", 0 0, L_0x55fc58415d40;  alias, 1 drivers
v0x55fc584097f0_0 .net "B", 0 0, L_0x55fc584279c0;  alias, 1 drivers
v0x55fc58409890_0 .net "Cout", 0 0, L_0x55fc58415fd0;  alias, 1 drivers
v0x55fc58409960_0 .net "S", 0 0, L_0x55fc58415f10;  alias, 1 drivers
S_0x55fc5840a180 .scope module, "sc1" "sumador_completo" 9 11, 10 5 0, S_0x55fc58408ab0;
 .timescale -9 -9;
    .port_info 0 /INPUT 1 "A"
    .port_info 1 /INPUT 1 "B"
    .port_info 2 /INPUT 1 "Cin"
    .port_info 3 /OUTPUT 1 "S"
    .port_info 4 /OUTPUT 1 "Cout"
L_0x55fc584166f0 .functor OR 1, L_0x55fc58416470, L_0x55fc58416680, C4<0>, C4<0>;
v0x55fc5840b030_0 .net "A", 0 0, L_0x55fc584167b0;  1 drivers
v0x55fc5840b0f0_0 .net "B", 0 0, L_0x55fc584168e0;  1 drivers
v0x55fc5840b1c0_0 .net "Cin", 0 0, L_0x55fc584279c0;  alias, 1 drivers
v0x55fc5840b290_0 .net "Cout", 0 0, L_0x55fc584166f0;  alias, 1 drivers
v0x55fc5840b330_0 .net "G", 0 0, L_0x55fc58416470;  1 drivers
v0x55fc5840b420_0 .net "H", 0 0, L_0x55fc58416680;  1 drivers
v0x55fc5840b4f0_0 .net "P", 0 0, L_0x55fc58416360;  1 drivers
v0x55fc5840b5e0_0 .net "S", 0 0, L_0x55fc58416530;  1 drivers
S_0x55fc5840a3d0 .scope module, "ms1" "medio_sumador" 10 12, 4 4 0, S_0x55fc5840a180;
 .timescale -9 -9;
    .port_info 0 /INPUT 1 "A"
    .port_info 1 /INPUT 1 "B"
    .port_info 2 /OUTPUT 1 "S"
    .port_info 3 /OUTPUT 1 "Cout"
L_0x55fc58416360 .functor XOR 1, L_0x55fc584167b0, L_0x55fc584168e0, C4<0>, C4<0>;
L_0x55fc58416470 .functor AND 1, L_0x55fc584167b0, L_0x55fc584168e0, C4<1>, C4<1>;
v0x55fc5840a640_0 .net "A", 0 0, L_0x55fc584167b0;  alias, 1 drivers
v0x55fc5840a720_0 .net "B", 0 0, L_0x55fc584168e0;  alias, 1 drivers
v0x55fc5840a7e0_0 .net "Cout", 0 0, L_0x55fc58416470;  alias, 1 drivers
v0x55fc5840a8b0_0 .net "S", 0 0, L_0x55fc58416360;  alias, 1 drivers
S_0x55fc5840aa20 .scope module, "ms2" "medio_sumador" 10 13, 4 4 0, S_0x55fc5840a180;
 .timescale -9 -9;
    .port_info 0 /INPUT 1 "A"
    .port_info 1 /INPUT 1 "B"
    .port_info 2 /OUTPUT 1 "S"
    .port_info 3 /OUTPUT 1 "Cout"
L_0x55fc58416530 .functor XOR 1, L_0x55fc58416360, L_0x55fc584279c0, C4<0>, C4<0>;
L_0x55fc58416680 .functor AND 1, L_0x55fc58416360, L_0x55fc584279c0, C4<1>, C4<1>;
v0x55fc5840ac80_0 .net "A", 0 0, L_0x55fc58416360;  alias, 1 drivers
v0x55fc5840ad50_0 .net "B", 0 0, L_0x55fc584279c0;  alias, 1 drivers
v0x55fc5840ae40_0 .net "Cout", 0 0, L_0x55fc58416680;  alias, 1 drivers
v0x55fc5840aee0_0 .net "S", 0 0, L_0x55fc58416530;  alias, 1 drivers
S_0x55fc5840b6b0 .scope module, "sc2" "sumador_completo" 9 12, 10 5 0, S_0x55fc58408ab0;
 .timescale -9 -9;
    .port_info 0 /INPUT 1 "A"
    .port_info 1 /INPUT 1 "B"
    .port_info 2 /INPUT 1 "Cin"
    .port_info 3 /OUTPUT 1 "S"
    .port_info 4 /OUTPUT 1 "Cout"
L_0x55fc58416d00 .functor OR 1, L_0x55fc58416a80, L_0x55fc58416c90, C4<0>, C4<0>;
v0x55fc5840c570_0 .net "A", 0 0, L_0x55fc58416dc0;  1 drivers
v0x55fc5840c630_0 .net "B", 0 0, L_0x55fc58416f80;  1 drivers
v0x55fc5840c700_0 .net "Cin", 0 0, L_0x55fc584279c0;  alias, 1 drivers
v0x55fc5840c7d0_0 .net "Cout", 0 0, L_0x55fc58416d00;  alias, 1 drivers
v0x55fc5840c870_0 .net "G", 0 0, L_0x55fc58416a80;  1 drivers
v0x55fc5840c910_0 .net "H", 0 0, L_0x55fc58416c90;  1 drivers
v0x55fc5840c9e0_0 .net "P", 0 0, L_0x55fc58416a10;  1 drivers
v0x55fc5840cad0_0 .net "S", 0 0, L_0x55fc58416b40;  1 drivers
S_0x55fc5840b930 .scope module, "ms1" "medio_sumador" 10 12, 4 4 0, S_0x55fc5840b6b0;
 .timescale -9 -9;
    .port_info 0 /INPUT 1 "A"
    .port_info 1 /INPUT 1 "B"
    .port_info 2 /OUTPUT 1 "S"
    .port_info 3 /OUTPUT 1 "Cout"
L_0x55fc58416a10 .functor XOR 1, L_0x55fc58416dc0, L_0x55fc58416f80, C4<0>, C4<0>;
L_0x55fc58416a80 .functor AND 1, L_0x55fc58416dc0, L_0x55fc58416f80, C4<1>, C4<1>;
v0x55fc5840bba0_0 .net "A", 0 0, L_0x55fc58416dc0;  alias, 1 drivers
v0x55fc5840bc80_0 .net "B", 0 0, L_0x55fc58416f80;  alias, 1 drivers
v0x55fc5840bd40_0 .net "Cout", 0 0, L_0x55fc58416a80;  alias, 1 drivers
v0x55fc5840be10_0 .net "S", 0 0, L_0x55fc58416a10;  alias, 1 drivers
S_0x55fc5840bf80 .scope module, "ms2" "medio_sumador" 10 13, 4 4 0, S_0x55fc5840b6b0;
 .timescale -9 -9;
    .port_info 0 /INPUT 1 "A"
    .port_info 1 /INPUT 1 "B"
    .port_info 2 /OUTPUT 1 "S"
    .port_info 3 /OUTPUT 1 "Cout"
L_0x55fc58416b40 .functor XOR 1, L_0x55fc58416a10, L_0x55fc584279c0, C4<0>, C4<0>;
L_0x55fc58416c90 .functor AND 1, L_0x55fc58416a10, L_0x55fc584279c0, C4<1>, C4<1>;
v0x55fc5840c1e0_0 .net "A", 0 0, L_0x55fc58416a10;  alias, 1 drivers
v0x55fc5840c2b0_0 .net "B", 0 0, L_0x55fc584279c0;  alias, 1 drivers
v0x55fc5840c350_0 .net "Cout", 0 0, L_0x55fc58416c90;  alias, 1 drivers
v0x55fc5840c420_0 .net "S", 0 0, L_0x55fc58416b40;  alias, 1 drivers
S_0x55fc5840cba0 .scope module, "sc3" "sumador_completo" 9 13, 10 5 0, S_0x55fc58408ab0;
 .timescale -9 -9;
    .port_info 0 /INPUT 1 "A"
    .port_info 1 /INPUT 1 "B"
    .port_info 2 /INPUT 1 "Cin"
    .port_info 3 /OUTPUT 1 "S"
    .port_info 4 /OUTPUT 1 "Cout"
L_0x55fc584175a0 .functor OR 1, L_0x55fc584171b0, L_0x55fc58417320, C4<0>, C4<0>;
v0x55fc5840da50_0 .net "A", 0 0, L_0x55fc58417660;  1 drivers
v0x55fc5840db10_0 .net "B", 0 0, L_0x55fc58417790;  1 drivers
v0x55fc5840dbe0_0 .net "Cin", 0 0, L_0x55fc584279c0;  alias, 1 drivers
v0x55fc5840dcb0_0 .net "Cout", 0 0, L_0x55fc584175a0;  alias, 1 drivers
v0x55fc5840dd50_0 .net "G", 0 0, L_0x55fc584171b0;  1 drivers
v0x55fc5840de40_0 .net "H", 0 0, L_0x55fc58417320;  1 drivers
v0x55fc5840df10_0 .net "P", 0 0, L_0x55fc58417140;  1 drivers
v0x55fc5840e000_0 .net "S", 0 0, L_0x55fc58417220;  1 drivers
S_0x55fc5840cdf0 .scope module, "ms1" "medio_sumador" 10 12, 4 4 0, S_0x55fc5840cba0;
 .timescale -9 -9;
    .port_info 0 /INPUT 1 "A"
    .port_info 1 /INPUT 1 "B"
    .port_info 2 /OUTPUT 1 "S"
    .port_info 3 /OUTPUT 1 "Cout"
L_0x55fc58417140 .functor XOR 1, L_0x55fc58417660, L_0x55fc58417790, C4<0>, C4<0>;
L_0x55fc584171b0 .functor AND 1, L_0x55fc58417660, L_0x55fc58417790, C4<1>, C4<1>;
v0x55fc5840d080_0 .net "A", 0 0, L_0x55fc58417660;  alias, 1 drivers
v0x55fc5840d160_0 .net "B", 0 0, L_0x55fc58417790;  alias, 1 drivers
v0x55fc5840d220_0 .net "Cout", 0 0, L_0x55fc584171b0;  alias, 1 drivers
v0x55fc5840d2f0_0 .net "S", 0 0, L_0x55fc58417140;  alias, 1 drivers
S_0x55fc5840d460 .scope module, "ms2" "medio_sumador" 10 13, 4 4 0, S_0x55fc5840cba0;
 .timescale -9 -9;
    .port_info 0 /INPUT 1 "A"
    .port_info 1 /INPUT 1 "B"
    .port_info 2 /OUTPUT 1 "S"
    .port_info 3 /OUTPUT 1 "Cout"
L_0x55fc58417220 .functor XOR 1, L_0x55fc58417140, L_0x55fc584279c0, C4<0>, C4<0>;
L_0x55fc58417320 .functor AND 1, L_0x55fc58417140, L_0x55fc584279c0, C4<1>, C4<1>;
v0x55fc5840d6c0_0 .net "A", 0 0, L_0x55fc58417140;  alias, 1 drivers
v0x55fc5840d790_0 .net "B", 0 0, L_0x55fc584279c0;  alias, 1 drivers
v0x55fc5840d830_0 .net "Cout", 0 0, L_0x55fc58417320;  alias, 1 drivers
v0x55fc5840d900_0 .net "S", 0 0, L_0x55fc58417220;  alias, 1 drivers
S_0x55fc583e2740 .scope module, "test_sumador_completo" "test_sumador_completo" 11 4;
 .timescale -9 -10;
v0x55fc584100f0_0 .var "A", 0 0;
v0x55fc584101e0_0 .var "B", 0 0;
v0x55fc584102f0_0 .var "Cin", 0 0;
v0x55fc584103e0_0 .net "Cout", 0 0, L_0x55fc58427f50;  1 drivers
v0x55fc58410480_0 .net "S", 0 0, L_0x55fc58427d50;  1 drivers
S_0x55fc5840eb20 .scope module, "sc1" "sumador_completo" 11 7, 10 5 0, S_0x55fc583e2740;
 .timescale -9 -9;
    .port_info 0 /INPUT 1 "A"
    .port_info 1 /INPUT 1 "B"
    .port_info 2 /INPUT 1 "Cin"
    .port_info 3 /OUTPUT 1 "S"
    .port_info 4 /OUTPUT 1 "Cout"
L_0x55fc58427f50 .functor OR 1, L_0x55fc58427b70, L_0x55fc58427e50, C4<0>, C4<0>;
v0x55fc5840fa40_0 .net "A", 0 0, v0x55fc584100f0_0;  1 drivers
v0x55fc5840fb00_0 .net "B", 0 0, v0x55fc584101e0_0;  1 drivers
v0x55fc5840fbd0_0 .net "Cin", 0 0, v0x55fc584102f0_0;  1 drivers
v0x55fc5840fcd0_0 .net "Cout", 0 0, L_0x55fc58427f50;  alias, 1 drivers
v0x55fc5840fd70_0 .net "G", 0 0, L_0x55fc58427b70;  1 drivers
v0x55fc5840fe60_0 .net "H", 0 0, L_0x55fc58427e50;  1 drivers
v0x55fc5840ff30_0 .net "P", 0 0, L_0x55fc58427b00;  1 drivers
v0x55fc58410020_0 .net "S", 0 0, L_0x55fc58427d50;  alias, 1 drivers
S_0x55fc5840edc0 .scope module, "ms1" "medio_sumador" 10 12, 4 4 0, S_0x55fc5840eb20;
 .timescale -9 -9;
    .port_info 0 /INPUT 1 "A"
    .port_info 1 /INPUT 1 "B"
    .port_info 2 /OUTPUT 1 "S"
    .port_info 3 /OUTPUT 1 "Cout"
L_0x55fc58427b00 .functor XOR 1, v0x55fc584100f0_0, v0x55fc584101e0_0, C4<0>, C4<0>;
L_0x55fc58427b70 .functor AND 1, v0x55fc584100f0_0, v0x55fc584101e0_0, C4<1>, C4<1>;
v0x55fc5840f050_0 .net "A", 0 0, v0x55fc584100f0_0;  alias, 1 drivers
v0x55fc5840f130_0 .net "B", 0 0, v0x55fc584101e0_0;  alias, 1 drivers
v0x55fc5840f1f0_0 .net "Cout", 0 0, L_0x55fc58427b70;  alias, 1 drivers
v0x55fc5840f2c0_0 .net "S", 0 0, L_0x55fc58427b00;  alias, 1 drivers
S_0x55fc5840f430 .scope module, "ms2" "medio_sumador" 10 13, 4 4 0, S_0x55fc5840eb20;
 .timescale -9 -9;
    .port_info 0 /INPUT 1 "A"
    .port_info 1 /INPUT 1 "B"
    .port_info 2 /OUTPUT 1 "S"
    .port_info 3 /OUTPUT 1 "Cout"
L_0x55fc58427d50 .functor XOR 1, L_0x55fc58427b00, v0x55fc584102f0_0, C4<0>, C4<0>;
L_0x55fc58427e50 .functor AND 1, L_0x55fc58427b00, v0x55fc584102f0_0, C4<1>, C4<1>;
v0x55fc5840f690_0 .net "A", 0 0, L_0x55fc58427b00;  alias, 1 drivers
v0x55fc5840f760_0 .net "B", 0 0, v0x55fc584102f0_0;  alias, 1 drivers
v0x55fc5840f800_0 .net "Cout", 0 0, L_0x55fc58427e50;  alias, 1 drivers
v0x55fc5840f8d0_0 .net "S", 0 0, L_0x55fc58427d50;  alias, 1 drivers
    .scope S_0x55fc583e45d0;
T_0 ;
    %vpi_call 5 11 "$dumpfile", "out.vcd" {0 0 0};
    %vpi_call 5 12 "$dumpvars", 32'sb00000000000000000000000000000001, S_0x55fc583e45d0 {0 0 0};
    %pushi/vec4 0, 0, 3;
    %store/vec4 v0x55fc58407f60_0, 0, 3;
    %delay 250, 0;
    %pushi/vec4 1, 0, 3;
    %store/vec4 v0x55fc58407f60_0, 0, 3;
    %delay 250, 0;
    %pushi/vec4 2, 0, 3;
    %store/vec4 v0x55fc58407f60_0, 0, 3;
    %delay 250, 0;
    %pushi/vec4 3, 0, 3;
    %store/vec4 v0x55fc58407f60_0, 0, 3;
    %delay 250, 0;
    %pushi/vec4 4, 0, 3;
    %store/vec4 v0x55fc58407f60_0, 0, 3;
    %delay 250, 0;
    %pushi/vec4 5, 0, 3;
    %store/vec4 v0x55fc58407f60_0, 0, 3;
    %delay 250, 0;
    %pushi/vec4 6, 0, 3;
    %store/vec4 v0x55fc58407f60_0, 0, 3;
    %delay 250, 0;
    %pushi/vec4 7, 0, 3;
    %store/vec4 v0x55fc58407f60_0, 0, 3;
    %end;
    .thread T_0;
    .scope S_0x55fc583e45d0;
T_1 ;
    %delay 2500, 0;
    %vpi_call 5 24 "$finish" {0 0 0};
    %end;
    .thread T_1;
    .scope S_0x55fc583e13c0;
T_2 ;
    %vpi_call 7 9 "$dumpfile", "out.vcd" {0 0 0};
    %vpi_call 7 10 "$dumpvars", 32'sb00000000000000000000000000000001, S_0x55fc583e13c0 {0 0 0};
    %pushi/vec4 0, 0, 1;
    %store/vec4 v0x55fc58408750_0, 0, 1;
    %pushi/vec4 0, 0, 1;
    %store/vec4 v0x55fc58408810_0, 0, 1;
    %delay 250, 0;
    %pushi/vec4 0, 0, 1;
    %store/vec4 v0x55fc58408750_0, 0, 1;
    %pushi/vec4 1, 0, 1;
    %store/vec4 v0x55fc58408810_0, 0, 1;
    %delay 250, 0;
    %pushi/vec4 1, 0, 1;
    %store/vec4 v0x55fc58408750_0, 0, 1;
    %pushi/vec4 0, 0, 1;
    %store/vec4 v0x55fc58408810_0, 0, 1;
    %delay 250, 0;
    %pushi/vec4 1, 0, 1;
    %store/vec4 v0x55fc58408750_0, 0, 1;
    %pushi/vec4 1, 0, 1;
    %store/vec4 v0x55fc58408810_0, 0, 1;
    %delay 250, 0;
    %end;
    .thread T_2;
    .scope S_0x55fc583e13c0;
T_3 ;
    %delay 1500, 0;
    %vpi_call 7 18 "$finish" {0 0 0};
    %end;
    .thread T_3;
    .scope S_0x55fc583dffb0;
T_4 ;
    %vpi_call 8 10 "$dumpfile", "out.vcd" {0 0 0};
    %vpi_call 8 11 "$dumpvars", 32'sb00000000000000000000000000000001, S_0x55fc583dffb0 {0 0 0};
    %pushi/vec4 0, 0, 4;
    %store/vec4 v0x55fc5840e7c0_0, 0, 4;
    %pushi/vec4 0, 0, 4;
    %store/vec4 v0x55fc5840e8a0_0, 0, 4;
    %delay 250, 0;
    %pushi/vec4 2, 0, 4;
    %store/vec4 v0x55fc5840e7c0_0, 0, 4;
    %pushi/vec4 1, 0, 4;
    %store/vec4 v0x55fc5840e8a0_0, 0, 4;
    %delay 250, 0;
    %pushi/vec4 4, 0, 4;
    %store/vec4 v0x55fc5840e7c0_0, 0, 4;
    %pushi/vec4 10, 0, 4;
    %store/vec4 v0x55fc5840e8a0_0, 0, 4;
    %delay 250, 0;
    %pushi/vec4 10, 0, 4;
    %store/vec4 v0x55fc5840e7c0_0, 0, 4;
    %pushi/vec4 10, 0, 4;
    %store/vec4 v0x55fc5840e8a0_0, 0, 4;
    %delay 250, 0;
    %pushi/vec4 2, 0, 4;
    %store/vec4 v0x55fc5840e7c0_0, 0, 4;
    %pushi/vec4 2, 0, 4;
    %store/vec4 v0x55fc5840e8a0_0, 0, 4;
    %delay 250, 0;
    %pushi/vec4 15, 0, 4;
    %store/vec4 v0x55fc5840e7c0_0, 0, 4;
    %pushi/vec4 15, 0, 4;
    %store/vec4 v0x55fc5840e8a0_0, 0, 4;
    %delay 250, 0;
    %end;
    .thread T_4;
    .scope S_0x55fc583dffb0;
T_5 ;
    %delay 2500, 0;
    %vpi_call 8 21 "$finish" {0 0 0};
    %end;
    .thread T_5;
    .scope S_0x55fc583e2740;
T_6 ;
    %vpi_call 11 10 "$dumpfile", "out.vcd" {0 0 0};
    %vpi_call 11 11 "$dumpvars", 32'sb00000000000000000000000000000001, S_0x55fc583e2740 {0 0 0};
    %pushi/vec4 0, 0, 1;
    %store/vec4 v0x55fc584100f0_0, 0, 1;
    %pushi/vec4 0, 0, 1;
    %store/vec4 v0x55fc584101e0_0, 0, 1;
    %pushi/vec4 0, 0, 1;
    %store/vec4 v0x55fc584102f0_0, 0, 1;
    %delay 250, 0;
    %pushi/vec4 0, 0, 1;
    %store/vec4 v0x55fc584100f0_0, 0, 1;
    %pushi/vec4 0, 0, 1;
    %store/vec4 v0x55fc584101e0_0, 0, 1;
    %pushi/vec4 1, 0, 1;
    %store/vec4 v0x55fc584102f0_0, 0, 1;
    %delay 250, 0;
    %pushi/vec4 0, 0, 1;
    %store/vec4 v0x55fc584100f0_0, 0, 1;
    %pushi/vec4 1, 0, 1;
    %store/vec4 v0x55fc584101e0_0, 0, 1;
    %pushi/vec4 0, 0, 1;
    %store/vec4 v0x55fc584102f0_0, 0, 1;
    %delay 250, 0;
    %pushi/vec4 0, 0, 1;
    %store/vec4 v0x55fc584100f0_0, 0, 1;
    %pushi/vec4 1, 0, 1;
    %store/vec4 v0x55fc584101e0_0, 0, 1;
    %pushi/vec4 1, 0, 1;
    %store/vec4 v0x55fc584102f0_0, 0, 1;
    %delay 250, 0;
    %pushi/vec4 1, 0, 1;
    %store/vec4 v0x55fc584100f0_0, 0, 1;
    %pushi/vec4 0, 0, 1;
    %store/vec4 v0x55fc584101e0_0, 0, 1;
    %pushi/vec4 0, 0, 1;
    %store/vec4 v0x55fc584102f0_0, 0, 1;
    %delay 250, 0;
    %pushi/vec4 1, 0, 1;
    %store/vec4 v0x55fc584100f0_0, 0, 1;
    %pushi/vec4 0, 0, 1;
    %store/vec4 v0x55fc584101e0_0, 0, 1;
    %pushi/vec4 1, 0, 1;
    %store/vec4 v0x55fc584102f0_0, 0, 1;
    %delay 250, 0;
    %pushi/vec4 1, 0, 1;
    %store/vec4 v0x55fc584100f0_0, 0, 1;
    %pushi/vec4 1, 0, 1;
    %store/vec4 v0x55fc584101e0_0, 0, 1;
    %pushi/vec4 0, 0, 1;
    %store/vec4 v0x55fc584102f0_0, 0, 1;
    %delay 250, 0;
    %pushi/vec4 1, 0, 1;
    %store/vec4 v0x55fc584100f0_0, 0, 1;
    %pushi/vec4 1, 0, 1;
    %store/vec4 v0x55fc584101e0_0, 0, 1;
    %pushi/vec4 1, 0, 1;
    %store/vec4 v0x55fc584102f0_0, 0, 1;
    %end;
    .thread T_6;
    .scope S_0x55fc583e2740;
T_7 ;
    %delay 2500, 0;
    %vpi_call 11 23 "$finish" {0 0 0};
    %end;
    .thread T_7;
# The file index is used to find the file name in the following table.
:file_names 12;
    "N/A";
    "<interactive>";
    "sumadorCarryLook_4bits.v";
    "carrryLook_4bits.v";
    "medio_sumador.v";
    "test_m3.v";
    "m1.v";
    "test_medio_sumador.v";
    "test_sumador_4bits.v";
    "sumador_4bits.v";
    "sumador_completo.v";
    "test_sumador_completo.v";
